Started at Sun May 23 14:37:42 UTC 2021
Processing my-first-job
Offering my-first-job to Project Build Discarder
Finished at Sun May 23 14:37:42 UTC 2021. 40ms
Started at Mon May 24 01:45:12 UTC 2021
Processing my-first-job
Offering my-first-job to Project Build Discarder
Finished at Mon May 24 01:45:12 UTC 2021. 16ms
Started at Mon May 24 02:45:08 UTC 2021
Processing my-first-job
Offering my-first-job to Project Build Discarder
Finished at Mon May 24 02:45:08 UTC 2021. 10ms
Started at Mon May 24 03:45:04 UTC 2021
Processing my-first-job
Offering my-first-job to Project Build Discarder
Finished at Mon May 24 03:45:04 UTC 2021. 13ms
Started at Mon May 24 04:45:00 UTC 2021
Processing my-first-job
Offering my-first-job to Project Build Discarder
Finished at Mon May 24 04:45:00 UTC 2021. 14ms
Started at Mon May 24 05:44:56 UTC 2021
Processing my-first-job
Offering my-first-job to Project Build Discarder
Finished at Mon May 24 05:44:56 UTC 2021. 11ms
Started at Mon May 24 06:44:51 UTC 2021
Processing my-first-job
Offering my-first-job to Project Build Discarder
Finished at Mon May 24 06:44:51 UTC 2021. 12ms
Started at Mon May 24 07:44:47 UTC 2021
Processing my-first-job
Offering my-first-job to Project Build Discarder
Finished at Mon May 24 07:44:47 UTC 2021. 14ms
Started at Mon May 24 08:44:43 UTC 2021
Processing my-first-job
Offering my-first-job to Project Build Discarder
Finished at Mon May 24 08:44:43 UTC 2021. 12ms
Started at Mon May 24 09:44:39 UTC 2021
Processing my-first-job
Offering my-first-job to Project Build Discarder
Finished at Mon May 24 09:44:39 UTC 2021. 12ms
Started at Mon May 24 10:44:34 UTC 2021
Processing my-first-job
Offering my-first-job to Project Build Discarder
Finished at Mon May 24 10:44:34 UTC 2021. 11ms
Started at Mon May 24 11:44:30 UTC 2021
Processing my-first-job
Offering my-first-job to Project Build Discarder
Finished at Mon May 24 11:44:30 UTC 2021. 14ms
Started at Mon May 24 12:44:26 UTC 2021
Processing my-first-job
Offering my-first-job to Project Build Discarder
Finished at Mon May 24 12:44:26 UTC 2021. 23ms
